<?xml version="1.0" encoding="UTF-8"?>
<!-- Generated by org.testng.reporters.JUnitReportReporter -->
<testsuite skipped="0" hostname="Dell-Inspiron-5482" name="testCases.Test01" tests="1" failures="0" timestamp="18 Feb 2021 03:15:20 GMT" time="4.799" errors="0">
  <testcase name="testCase01" time="4.799" classname="testCases.Test01"/>
</testsuite> <!-- testCases.Test01 -->
