<?xml version="1.0" encoding="UTF-8"?>
<!-- Generated by org.testng.reporters.JUnitReportReporter -->
<testsuite hostname="Dell-Inspiron-5482" failures="0" tests="1" name="test.testCase01" time="9.329" errors="0" timestamp="06 Feb 2021 07:48:17 GMT" skipped="0">
  <testcase classname="test.testCase01" name="launchWebPage" time="9.329"/>
</testsuite> <!-- test.testCase01 -->
